<?xml version="1.0" encoding="UTF-8"?>
<testng-results ignored="0" total="2" passed="2" failed="0" skipped="0">
  <reporter-output>
  </reporter-output>
  <suite started-at="2024-03-19T01:16:36 CDT" name="Default suite" finished-at="2024-03-19T01:16:51 CDT" duration-ms="14984">
    <groups>
    </groups>
    <test started-at="2024-03-19T01:16:36 CDT" name="Default test" finished-at="2024-03-19T01:16:51 CDT" duration-ms="14984">
      <class name="com.example.LoginPageTests">
        <test-method is-config="true" signature="setup()[pri:0, instance:com.example.LoginPageTests@4c163e3]" started-at="2024-03-19T01:16:36 CDT" name="setup" finished-at="2024-03-19T01:16:42 CDT" duration-ms="6239" status="PASS">
          <reporter-output>
          </reporter-output>
        </test-method> <!-- setup -->
        <test-method signature="invalidCredentials()[pri:0, instance:com.example.LoginPageTests@4c163e3]" started-at="2024-03-19T01:16:43 CDT" name="invalidCredentials" finished-at="2024-03-19T01:16:44 CDT" duration-ms="1655" status="PASS">
          <reporter-output>
          </reporter-output>
        </test-method> <!-- invalidCredentials -->
        <test-method is-config="true" signature="tearDown()[pri:0, instance:com.example.LoginPageTests@4c163e3]" started-at="2024-03-19T01:16:44 CDT" name="tearDown" finished-at="2024-03-19T01:16:44 CDT" duration-ms="166" status="PASS">
          <reporter-output>
          </reporter-output>
        </test-method> <!-- tearDown -->
        <test-method is-config="true" signature="setup()[pri:0, instance:com.example.LoginPageTests@4c163e3]" started-at="2024-03-19T01:16:44 CDT" name="setup" finished-at="2024-03-19T01:16:49 CDT" duration-ms="4285" status="PASS">
          <reporter-output>
          </reporter-output>
        </test-method> <!-- setup -->
        <test-method signature="validLogin()[pri:0, instance:com.example.LoginPageTests@4c163e3]" started-at="2024-03-19T01:16:49 CDT" name="validLogin" finished-at="2024-03-19T01:16:51 CDT" duration-ms="2327" status="PASS">
          <reporter-output>
          </reporter-output>
        </test-method> <!-- validLogin -->
        <test-method is-config="true" signature="tearDown()[pri:0, instance:com.example.LoginPageTests@4c163e3]" started-at="2024-03-19T01:16:51 CDT" name="tearDown" finished-at="2024-03-19T01:16:51 CDT" duration-ms="156" status="PASS">
          <reporter-output>
          </reporter-output>
        </test-method> <!-- tearDown -->
      </class> <!-- com.example.LoginPageTests -->
    </test> <!-- Default test -->
  </suite> <!-- Default suite -->
</testng-results>
