<?xml version="1.0" encoding="UTF-8"?>
<testng-results ignored="0" total="2" passed="2" failed="0" skipped="0">
  <reporter-output>
  </reporter-output>
  <suite started-at="2024-03-19T01:18:01 CDT" name="Suite" finished-at="2024-03-19T01:18:18 CDT" duration-ms="17234">
    <groups>
    </groups>
    <test started-at="2024-03-19T01:18:01 CDT" name="Test" finished-at="2024-03-19T01:18:18 CDT" duration-ms="17234">
      <class name="com.example.LoginPageTests">
        <test-method is-config="true" signature="setup()[pri:0, instance:com.example.LoginPageTests@7526515b]" started-at="2024-03-19T01:18:01 CDT" name="setup" finished-at="2024-03-19T01:18:08 CDT" duration-ms="7558" status="PASS">
          <reporter-output>
          </reporter-output>
        </test-method> <!-- setup -->
        <test-method signature="invalidCredentials()[pri:0, instance:com.example.LoginPageTests@7526515b]" started-at="2024-03-19T01:18:09 CDT" name="invalidCredentials" finished-at="2024-03-19T01:18:10 CDT" duration-ms="1640" status="PASS">
          <reporter-output>
          </reporter-output>
        </test-method> <!-- invalidCredentials -->
        <test-method is-config="true" signature="tearDown()[pri:0, instance:com.example.LoginPageTests@7526515b]" started-at="2024-03-19T01:18:10 CDT" name="tearDown" finished-at="2024-03-19T01:18:10 CDT" duration-ms="142" status="PASS">
          <reporter-output>
          </reporter-output>
        </test-method> <!-- tearDown -->
        <test-method is-config="true" signature="setup()[pri:0, instance:com.example.LoginPageTests@7526515b]" started-at="2024-03-19T01:18:10 CDT" name="setup" finished-at="2024-03-19T01:18:15 CDT" duration-ms="4887" status="PASS">
          <reporter-output>
          </reporter-output>
        </test-method> <!-- setup -->
        <test-method signature="validLogin()[pri:0, instance:com.example.LoginPageTests@7526515b]" started-at="2024-03-19T01:18:15 CDT" name="validLogin" finished-at="2024-03-19T01:18:18 CDT" duration-ms="2678" status="PASS">
          <reporter-output>
          </reporter-output>
        </test-method> <!-- validLogin -->
        <test-method is-config="true" signature="tearDown()[pri:0, instance:com.example.LoginPageTests@7526515b]" started-at="2024-03-19T01:18:18 CDT" name="tearDown" finished-at="2024-03-19T01:18:18 CDT" duration-ms="141" status="PASS">
          <reporter-output>
          </reporter-output>
        </test-method> <!-- tearDown -->
      </class> <!-- com.example.LoginPageTests -->
    </test> <!-- Test -->
  </suite> <!-- Suite -->
</testng-results>
